Using pre-set license
Built from '2020.3/staging' branch; Version is '2020.3.23f1 (c5d91304a876) revision 12966163'; Using compiler version '192528614'; Build Type 'Release'
OS: 'Windows 10 Pro; OS build 19043.1348; Version 2009; 64bit' Language: 'en' Physical Memory: 3971 MB
BatchMode: 1, IsHumanControllingUs: 0, StartBugReporterOnCrash: 0, Is64bit: 1, IsPro: 0

COMMAND LINE ARGUMENTS:
C:\Program Files\Unity\Hub\Editor\2020.3.23f1\Editor\Unity.exe
-adb2
-batchMode
-noUpm
-name
AssetImportWorker0
-projectPath
D:/CS222/Lab2
-logFile
Logs/AssetImportWorker0.log
-srvPort
59388
Successfully changed project path to: D:/CS222/Lab2
D:/CS222/Lab2
Using Asset Import Pipeline V2.
Refreshing native plugins compatible for Editor in 60.03 ms, found 2 plugins.
Preloading 0 native plugins for Editor in 0.00 ms.
Initialize engine version: 2020.3.23f1 (c5d91304a876)
[Subsystems] Discovering subsystems at path C:/Program Files/Unity/Hub/Editor/2020.3.23f1/Editor/Data/Resources/UnitySubsystems
[Subsystems] Discovering subsystems at path D:/CS222/Lab2/Assets
GfxDevice: creating device client; threaded=0
Direct3D:
    Version:  Direct3D 11.0 [level 11.1]
    Renderer: NVIDIA GeForce MX230 (ID=0x1d11)
    Vendor:   
    VRAM:     1984 MB
    Driver:   30.0.14.7111
Initialize mono
Mono path[0] = 'C:/Program Files/Unity/Hub/Editor/2020.3.23f1/Editor/Data/Managed'
Mono path[1] = 'C:/Program Files/Unity/Hub/Editor/2020.3.23f1/Editor/Data/MonoBleedingEdge/lib/mono/unityjit'
Mono config path = 'C:/Program Files/Unity/Hub/Editor/2020.3.23f1/Editor/Data/MonoBleedingEdge/etc'
Using monoOptions --debugger-agent=transport=dt_socket,embedding=1,server=y,suspend=n,address=127.0.0.1:56884
Begin MonoManager ReloadAssembly
Registering precompiled unity dll's ...
Register platform support module: C:/Program Files/Unity/Hub/Editor/2020.3.23f1/Editor/Data/PlaybackEngines/WindowsStandaloneSupport/UnityEditor.WindowsStandalone.Extensions.dll
Registered in 0.001615 seconds.
Native extension for WindowsStandalone target not found
Refreshing native plugins compatible for Editor in 58.58 ms, found 2 plugins.
Preloading 0 native plugins for Editor in 0.00 ms.
Mono: successfully reloaded assembly
- Completed reload, in  0.649 seconds
Domain Reload Profiling:
	ReloadAssembly (650ms)
		BeginReloadAssembly (54ms)
			ExecutionOrderSort (0ms)
			DisableScriptedObjects (0ms)
			BackupInstance (0ms)
			ReleaseScriptingObjects (0ms)
			CreateAndSetChildDomain (1ms)
		EndReloadAssembly (519ms)
			LoadAssemblies (51ms)
			RebuildTransferFunctionScriptingTraits (0ms)
			SetupTypeCache (188ms)
			ReleaseScriptCaches (0ms)
			RebuildScriptCaches (35ms)
			SetupLoadedEditorAssemblies (194ms)
				LogAssemblyErrors (0ms)
				InitializePlatformSupportModulesInManaged (4ms)
				SetLoadedEditorAssemblies (0ms)
				RefreshPlugins (59ms)
				BeforeProcessingInitializeOnLoad (14ms)
				ProcessInitializeOnLoadAttributes (86ms)
				ProcessInitializeOnLoadMethodAttributes (30ms)
				AfterProcessingInitializeOnLoad (0ms)
				EditorAssembliesLoaded (0ms)
			ExecutionOrderSort2 (0ms)
			AwakeInstancesAfterBackupRestoration (0ms)
Platform modules already initialized, skipping
Registering precompiled user dll's ...
Registered in 0.002967 seconds.
Begin MonoManager ReloadAssembly
Native extension for WindowsStandalone target not found
Refreshing native plugins compatible for Editor in 55.96 ms, found 2 plugins.
Preloading 0 native plugins for Editor in 0.00 ms.
Mono: successfully reloaded assembly
- Completed reload, in  1.240 seconds
Domain Reload Profiling:
	ReloadAssembly (1241ms)
		BeginReloadAssembly (163ms)
			ExecutionOrderSort (0ms)
			DisableScriptedObjects (6ms)
			BackupInstance (0ms)
			ReleaseScriptingObjects (0ms)
			CreateAndSetChildDomain (19ms)
		EndReloadAssembly (1014ms)
			LoadAssemblies (101ms)
			RebuildTransferFunctionScriptingTraits (0ms)
			SetupTypeCache (356ms)
			ReleaseScriptCaches (1ms)
			RebuildScriptCaches (54ms)
			SetupLoadedEditorAssemblies (385ms)
				LogAssemblyErrors (0ms)
				InitializePlatformSupportModulesInManaged (4ms)
				SetLoadedEditorAssemblies (0ms)
				RefreshPlugins (56ms)
				BeforeProcessingInitializeOnLoad (97ms)
				ProcessInitializeOnLoadAttributes (210ms)
				ProcessInitializeOnLoadMethodAttributes (10ms)
				AfterProcessingInitializeOnLoad (8ms)
				EditorAssembliesLoaded (0ms)
			ExecutionOrderSort2 (0ms)
			AwakeInstancesAfterBackupRestoration (7ms)
Platform modules already initialized, skipping
========================================================================
Worker process is ready to serve import requests
Launched and connected shader compiler UnityShaderCompiler.exe after 0.04 seconds
Refreshing native plugins compatible for Editor in 0.67 ms, found 2 plugins.
Preloading 0 native plugins for Editor in 0.00 ms.
Unloading 2894 Unused Serialized files (Serialized files now loaded: 0)
System memory in use before: 130.9 MB.
System memory in use after: 131.1 MB.

Unloading 20 unused Assets to reduce memory usage. Loaded Objects now: 3338.
Total: 3.867600 ms (FindLiveObjects: 0.336800 ms CreateObjectMapping: 0.159700 ms MarkObjects: 3.284900 ms  DeleteObjects: 0.085000 ms)

AssetImportParameters requested are different than current active one (requested -> active):
  custom:framework-win-MediaFoundation: 216162199b28c13a410421893ffa2e32 -> 
  custom:video-decoder-ogg-theora: a1e56fd34408186e4bbccfd4996cb3dc -> 
  custom:container-muxer-webm: aa71ff27fc2769a1b78a27578f13a17b -> 
  custom:container-demuxer-webm: 4f35f7cbe854078d1ac9338744f61a02 -> 
  custom:container-demuxer-ogg: 62fdf1f143b41e24485cea50d1cbac27 -> 
  custom:video-encoder-webm-vp8: eb34c28f22e8b96e1ab97ce403110664 -> 
  custom:video-decoder-webm-vp8: 9c59270c3fd7afecdb556c50c9e8de78 -> 
  custom:audio-decoder-ogg-vorbis: bf7c407c2cedff20999df2af8eb42d56 -> 
  custom:audio-encoder-webm-vorbis: bf7c407c2cedff20999df2af8eb42d56 -> 
========================================================================
Received Import Request.
  path: Assets/myShader
  artifactKey: Guid(fea24614d2c547e42b69eb43b38d5d8d) Importer(815301076,1909f56bfc062723c751e8b465ee728b)
Start importing Assets/myShader using Guid(fea24614d2c547e42b69eb43b38d5d8d) Importer(815301076,1909f56bfc062723c751e8b465ee728b)  -> (artifact id: 'f92f1780c5718a1eff9cdb21b4e157da') in 0.009339 seconds 
  Import took 0.013811 seconds .

========================================================================
Received Import Request.
  Time since last request: 19.050206 seconds.
  path: Assets/myShader/depthWater.shadergraph
  artifactKey: Guid(bc11d7cf71709c84581c2170d278d24e) Importer(815301076,1909f56bfc062723c751e8b465ee728b)
Start importing Assets/myShader/depthWater.shadergraph using Guid(bc11d7cf71709c84581c2170d278d24e) Importer(815301076,1909f56bfc062723c751e8b465ee728b)  -> (artifact id: '05657a3fb391f49b997c0e8b8652afc4') in 0.033287 seconds 
  Import took 0.038804 seconds .

========================================================================
Received Import Request.
  Time since last request: 215.474072 seconds.
  path: Assets/myShader/depthWater.shadergraph
  artifactKey: Guid(bc11d7cf71709c84581c2170d278d24e) Importer(815301076,1909f56bfc062723c751e8b465ee728b)
Start importing Assets/myShader/depthWater.shadergraph using Guid(bc11d7cf71709c84581c2170d278d24e) Importer(815301076,1909f56bfc062723c751e8b465ee728b)  -> (artifact id: '9bdbcc10ef6c1cf7f07fd9f383b1e8a7') in 0.003232 seconds 
  Import took 0.140366 seconds .

========================================================================
Received Import Request.
  Time since last request: 16.165887 seconds.
  path: Assets/myShader/depthWater.shadersubgraph
  artifactKey: Guid(c6f22abf96d89fc418bba6921c942286) Importer(815301076,1909f56bfc062723c751e8b465ee728b)
Start importing Assets/myShader/depthWater.shadersubgraph using Guid(c6f22abf96d89fc418bba6921c942286) Importer(815301076,1909f56bfc062723c751e8b465ee728b)  -> (artifact id: 'a4a2863e9fbd7f4038bbfc13b761aa78') in 0.007048 seconds 
  Import took 0.038440 seconds .

========================================================================
Received Import Request.
  Time since last request: 4.846193 seconds.
  path: Assets/myShader/depthWater.shadergraph
  artifactKey: Guid(bc11d7cf71709c84581c2170d278d24e) Importer(815301076,1909f56bfc062723c751e8b465ee728b)
Start importing Assets/myShader/depthWater.shadergraph using Guid(bc11d7cf71709c84581c2170d278d24e) Importer(815301076,1909f56bfc062723c751e8b465ee728b)  -> (artifact id: '6b2934890d67e489d89025e99bacedff') in 0.003214 seconds 
  Import took 0.037331 seconds .

========================================================================
Received Prepare
Switching render pipeline 00000000000000000000000000000000 -> 107194f0f60e1314c949e8f2a6fcaf84
Refreshing native plugins compatible for Editor in 290.05 ms, found 2 plugins.
Preloading 0 native plugins for Editor in 0.00 ms.
Unloading 61 Unused Serialized files (Serialized files now loaded: 0)
System memory in use before: 74.3 MB.
System memory in use after: 74.5 MB.

Unloading 13 unused Assets to reduce memory usage. Loaded Objects now: 3386.
Total: 4.549100 ms (FindLiveObjects: 0.255300 ms CreateObjectMapping: 0.118700 ms MarkObjects: 4.154200 ms  DeleteObjects: 0.019600 ms)

AssetImportParameters requested are different than current active one (requested -> active):
  custom:framework-win-MediaFoundation: 216162199b28c13a410421893ffa2e32 -> 
  custom:video-decoder-ogg-theora: a1e56fd34408186e4bbccfd4996cb3dc -> 
  custom:container-muxer-webm: aa71ff27fc2769a1b78a27578f13a17b -> 
  custom:container-demuxer-webm: 4f35f7cbe854078d1ac9338744f61a02 -> 
  custom:container-demuxer-ogg: 62fdf1f143b41e24485cea50d1cbac27 -> 
  custom:video-encoder-webm-vp8: eb34c28f22e8b96e1ab97ce403110664 -> 
  custom:video-decoder-webm-vp8: 9c59270c3fd7afecdb556c50c9e8de78 -> 
  custom:audio-decoder-ogg-vorbis: bf7c407c2cedff20999df2af8eb42d56 -> 
  custom:audio-encoder-webm-vorbis: bf7c407c2cedff20999df2af8eb42d56 -> 
========================================================================
Received Import Request.
  Time since last request: 22.890293 seconds.
  path: Assets/myShader/depthWater.shadergraph
  artifactKey: Guid(bc11d7cf71709c84581c2170d278d24e) Importer(815301076,1909f56bfc062723c751e8b465ee728b)
Start importing Assets/myShader/depthWater.shadergraph using Guid(bc11d7cf71709c84581c2170d278d24e) Importer(815301076,1909f56bfc062723c751e8b465ee728b)  -> (artifact id: '3f2160bf03963737e6742e0972157fde') in 0.009507 seconds 
  Import took 0.014589 seconds .

========================================================================
Received Import Request.
  Time since last request: 13.191005 seconds.
  path: Assets/myShader/depthWater.mat
  artifactKey: Guid(3d8bffdb968182f42bddc58aa1816bd7) Importer(815301076,1909f56bfc062723c751e8b465ee728b)
Start importing Assets/myShader/depthWater.mat using Guid(3d8bffdb968182f42bddc58aa1816bd7) Importer(815301076,1909f56bfc062723c751e8b465ee728b)  -> (artifact id: 'fb0d52acb11e2c9477fbc42533312fd0') in 0.254706 seconds 
  Import took 0.331401 seconds .

========================================================================
Received Import Request.
  Time since last request: 45.236471 seconds.
  path: Assets/myShader/depthWater.shadersubgraph
  artifactKey: Guid(c6f22abf96d89fc418bba6921c942286) Importer(815301076,1909f56bfc062723c751e8b465ee728b)
Start importing Assets/myShader/depthWater.shadersubgraph using Guid(c6f22abf96d89fc418bba6921c942286) Importer(815301076,1909f56bfc062723c751e8b465ee728b)  -> (artifact id: 'd03a05ff1c4eacd9ae8120d7bd9a7b0e') in 0.005004 seconds 
  Import took 0.264825 seconds .

========================================================================
Received Prepare
Registering precompiled user dll's ...
Registered in 0.073212 seconds.
Begin MonoManager ReloadAssembly
Native extension for WindowsStandalone target not found
Refreshing native plugins compatible for Editor in 0.58 ms, found 2 plugins.
Preloading 0 native plugins for Editor in 0.00 ms.
Mono: successfully reloaded assembly
- Completed reload, in  2.799 seconds
Domain Reload Profiling:
	ReloadAssembly (2800ms)
		BeginReloadAssembly (138ms)
			ExecutionOrderSort (0ms)
			DisableScriptedObjects (7ms)
			BackupInstance (0ms)
			ReleaseScriptingObjects (0ms)
			CreateAndSetChildDomain (38ms)
		EndReloadAssembly (2600ms)
			LoadAssemblies (1453ms)
			RebuildTransferFunctionScriptingTraits (0ms)
			SetupTypeCache (333ms)
			ReleaseScriptCaches (1ms)
			RebuildScriptCaches (44ms)
			SetupLoadedEditorAssemblies (332ms)
				LogAssemblyErrors (0ms)
				InitializePlatformSupportModulesInManaged (4ms)
				SetLoadedEditorAssemblies (1ms)
				RefreshPlugins (1ms)
				BeforeProcessingInitializeOnLoad (94ms)
				ProcessInitializeOnLoadAttributes (211ms)
				ProcessInitializeOnLoadMethodAttributes (17ms)
				AfterProcessingInitializeOnLoad (5ms)
				EditorAssembliesLoaded (0ms)
			ExecutionOrderSort2 (0ms)
			AwakeInstancesAfterBackupRestoration (18ms)
Platform modules already initialized, skipping
Refreshing native plugins compatible for Editor in 1.10 ms, found 2 plugins.
Preloading 0 native plugins for Editor in 0.00 ms.
Unloading 2833 Unused Serialized files (Serialized files now loaded: 0)
System memory in use before: 133.9 MB.
System memory in use after: 134.1 MB.

Unloading 15 unused Assets to reduce memory usage. Loaded Objects now: 3467.
Total: 4.063300 ms (FindLiveObjects: 0.372600 ms CreateObjectMapping: 0.139500 ms MarkObjects: 3.527000 ms  DeleteObjects: 0.023300 ms)

AssetImportParameters requested are different than current active one (requested -> active):
  custom:framework-win-MediaFoundation: 216162199b28c13a410421893ffa2e32 -> 
  custom:video-decoder-ogg-theora: a1e56fd34408186e4bbccfd4996cb3dc -> 
  custom:container-muxer-webm: aa71ff27fc2769a1b78a27578f13a17b -> 
  custom:container-demuxer-webm: 4f35f7cbe854078d1ac9338744f61a02 -> 
  custom:container-demuxer-ogg: 62fdf1f143b41e24485cea50d1cbac27 -> 
  custom:video-encoder-webm-vp8: eb34c28f22e8b96e1ab97ce403110664 -> 
  custom:video-decoder-webm-vp8: 9c59270c3fd7afecdb556c50c9e8de78 -> 
  custom:audio-decoder-ogg-vorbis: bf7c407c2cedff20999df2af8eb42d56 -> 
  custom:audio-encoder-webm-vorbis: bf7c407c2cedff20999df2af8eb42d56 -> 
========================================================================
Received Import Request.
  Time since last request: 134.624975 seconds.
  path: Assets/myShader/Color2Water.shadergraph
  artifactKey: Guid(905673845a8ba46459a32396949ab131) Importer(815301076,1909f56bfc062723c751e8b465ee728b)
Start importing Assets/myShader/Color2Water.shadergraph using Guid(905673845a8ba46459a32396949ab131) Importer(815301076,1909f56bfc062723c751e8b465ee728b)  -> (artifact id: 'b1fa1e569f86d53db5304053ec41092c') in 0.058611 seconds 
  Import took 0.083265 seconds .

========================================================================
Received Import Request.
  Time since last request: 345.861914 seconds.
  path: Assets/myShader/Color2Water.shadergraph
  artifactKey: Guid(905673845a8ba46459a32396949ab131) Importer(815301076,1909f56bfc062723c751e8b465ee728b)
Start importing Assets/myShader/Color2Water.shadergraph using Guid(905673845a8ba46459a32396949ab131) Importer(815301076,1909f56bfc062723c751e8b465ee728b)  -> (artifact id: 'dbfc603db91719f94bb381513ef38d0b') in 0.003815 seconds 
  Import took 0.012782 seconds .

========================================================================
Received Import Request.
  Time since last request: 38.367139 seconds.
  path: Assets/myShader/Water2Color.shadersubgraph
  artifactKey: Guid(5df6da5726b931f47ab2b3549fc1687f) Importer(815301076,1909f56bfc062723c751e8b465ee728b)
Start importing Assets/myShader/Water2Color.shadersubgraph using Guid(5df6da5726b931f47ab2b3549fc1687f) Importer(815301076,1909f56bfc062723c751e8b465ee728b)  -> (artifact id: '543b47b3b48c7ba1646d911a3f56770c') in 0.010436 seconds 
  Import took 0.113470 seconds .

========================================================================
Received Import Request.
  Time since last request: 52.888871 seconds.
  path: Assets/myShader/Color2Water.shadersubgraph
  artifactKey: Guid(5df6da5726b931f47ab2b3549fc1687f) Importer(815301076,1909f56bfc062723c751e8b465ee728b)
Start importing Assets/myShader/Color2Water.shadersubgraph using Guid(5df6da5726b931f47ab2b3549fc1687f) Importer(815301076,1909f56bfc062723c751e8b465ee728b)  -> (artifact id: '725e4483c35c88d70a5bc85cf7c4b3c7') in 0.002973 seconds 
  Import took 0.009260 seconds .

========================================================================
Received Import Request.
  Time since last request: 2.309190 seconds.
  path: Assets/myShader/Color2Water.shadersubgraph
  artifactKey: Guid(5df6da5726b931f47ab2b3549fc1687f) Importer(815301076,1909f56bfc062723c751e8b465ee728b)
Start importing Assets/myShader/Color2Water.shadersubgraph using Guid(5df6da5726b931f47ab2b3549fc1687f) Importer(815301076,1909f56bfc062723c751e8b465ee728b)  -> (artifact id: 'fb5051c4c9d66a10da5428f276aec73e') in 0.004953 seconds 
  Import took 0.012971 seconds .

========================================================================
Received Import Request.
  Time since last request: 36.415290 seconds.
  path: Assets/myShader/Color2Water.mat
  artifactKey: Guid(b36f3b9d6cbc4a441b3be38a8c186db5) Importer(815301076,1909f56bfc062723c751e8b465ee728b)
Start importing Assets/myShader/Color2Water.mat using Guid(b36f3b9d6cbc4a441b3be38a8c186db5) Importer(815301076,1909f56bfc062723c751e8b465ee728b)  -> (artifact id: 'f0ffd06aedda8123761c2d6c6aa6fa8f') in 0.198135 seconds 
  Import took 0.239208 seconds .

========================================================================
Received Import Request.
  Time since last request: 216.718735 seconds.
  path: Assets/myShader/Color2Water.shadersubgraph
  artifactKey: Guid(5df6da5726b931f47ab2b3549fc1687f) Importer(815301076,1909f56bfc062723c751e8b465ee728b)
Start importing Assets/myShader/Color2Water.shadersubgraph using Guid(5df6da5726b931f47ab2b3549fc1687f) Importer(815301076,1909f56bfc062723c751e8b465ee728b)  -> (artifact id: 'da5f851e69305a0ce99292521def7d9e') in 0.004378 seconds 
  Import took 0.013410 seconds .

========================================================================
Received Import Request.
  Time since last request: 4.408415 seconds.
  path: Assets/myShader/Color2Water.shadergraph
  artifactKey: Guid(905673845a8ba46459a32396949ab131) Importer(815301076,1909f56bfc062723c751e8b465ee728b)
Start importing Assets/myShader/Color2Water.shadergraph using Guid(905673845a8ba46459a32396949ab131) Importer(815301076,1909f56bfc062723c751e8b465ee728b)  -> (artifact id: '4d6466e99c147b7bb2bae826c1016513') in 0.003179 seconds 
  Import took 0.044300 seconds .

========================================================================
Received Import Request.
  Time since last request: 22.034037 seconds.
  path: Assets/myShader/Color2Water.shadergraph
  artifactKey: Guid(905673845a8ba46459a32396949ab131) Importer(815301076,1909f56bfc062723c751e8b465ee728b)
Start importing Assets/myShader/Color2Water.shadergraph using Guid(905673845a8ba46459a32396949ab131) Importer(815301076,1909f56bfc062723c751e8b465ee728b)  -> (artifact id: 'eec488a5b2e695a6aafd31d2a2d18cb5') in 0.003841 seconds 
  Import took 0.076916 seconds .

========================================================================
Received Import Request.
  Time since last request: 84.342774 seconds.
  path: Assets/myShader/Color2Water.mat
  artifactKey: Guid(b36f3b9d6cbc4a441b3be38a8c186db5) Importer(815301076,1909f56bfc062723c751e8b465ee728b)
Start importing Assets/myShader/Color2Water.mat using Guid(b36f3b9d6cbc4a441b3be38a8c186db5) Importer(815301076,1909f56bfc062723c751e8b465ee728b)  -> (artifact id: '4e7888ea5abb4ca9df320533083a1dca') in 0.044327 seconds 
  Import took 0.075429 seconds .

========================================================================
Received Import Request.
  Time since last request: 51.305175 seconds.
  path: Assets/myShader/Color2Water.shadergraph
  artifactKey: Guid(905673845a8ba46459a32396949ab131) Importer(815301076,1909f56bfc062723c751e8b465ee728b)
Start importing Assets/myShader/Color2Water.shadergraph using Guid(905673845a8ba46459a32396949ab131) Importer(815301076,1909f56bfc062723c751e8b465ee728b)  -> (artifact id: 'b1905f19cf917368c4c8d8cdca06facf') in 0.003493 seconds 
  Import took 0.012061 seconds .

========================================================================
Received Prepare
Registering precompiled user dll's ...
Registered in 0.036330 seconds.
Begin MonoManager ReloadAssembly
Native extension for WindowsStandalone target not found
Refreshing native plugins compatible for Editor in 0.72 ms, found 2 plugins.
Preloading 0 native plugins for Editor in 0.00 ms.
Mono: successfully reloaded assembly
- Completed reload, in  1.116 seconds
Domain Reload Profiling:
	ReloadAssembly (1116ms)
		BeginReloadAssembly (135ms)
			ExecutionOrderSort (0ms)
			DisableScriptedObjects (7ms)
			BackupInstance (0ms)
			ReleaseScriptingObjects (0ms)
			CreateAndSetChildDomain (43ms)
		EndReloadAssembly (919ms)
			LoadAssemblies (88ms)
			RebuildTransferFunctionScriptingTraits (0ms)
			SetupTypeCache (329ms)
			ReleaseScriptCaches (1ms)
			RebuildScriptCaches (44ms)
			SetupLoadedEditorAssemblies (303ms)
				LogAssemblyErrors (0ms)
				InitializePlatformSupportModulesInManaged (4ms)
				SetLoadedEditorAssemblies (1ms)
				RefreshPlugins (1ms)
				BeforeProcessingInitializeOnLoad (95ms)
				ProcessInitializeOnLoadAttributes (187ms)
				ProcessInitializeOnLoadMethodAttributes (9ms)
				AfterProcessingInitializeOnLoad (5ms)
				EditorAssembliesLoaded (0ms)
			ExecutionOrderSort2 (0ms)
			AwakeInstancesAfterBackupRestoration (17ms)
Platform modules already initialized, skipping
Refreshing native plugins compatible for Editor in 0.62 ms, found 2 plugins.
Preloading 0 native plugins for Editor in 0.00 ms.
Unloading 2833 Unused Serialized files (Serialized files now loaded: 0)
System memory in use before: 134.1 MB.
System memory in use after: 134.3 MB.

Unloading 15 unused Assets to reduce memory usage. Loaded Objects now: 3505.
Total: 3.820100 ms (FindLiveObjects: 0.358300 ms CreateObjectMapping: 0.133400 ms MarkObjects: 3.305200 ms  DeleteObjects: 0.021900 ms)

AssetImportParameters requested are different than current active one (requested -> active):
  custom:framework-win-MediaFoundation: 216162199b28c13a410421893ffa2e32 -> 
  custom:video-decoder-ogg-theora: a1e56fd34408186e4bbccfd4996cb3dc -> 
  custom:container-muxer-webm: aa71ff27fc2769a1b78a27578f13a17b -> 
  custom:container-demuxer-webm: 4f35f7cbe854078d1ac9338744f61a02 -> 
  custom:container-demuxer-ogg: 62fdf1f143b41e24485cea50d1cbac27 -> 
  custom:video-encoder-webm-vp8: eb34c28f22e8b96e1ab97ce403110664 -> 
  custom:video-decoder-webm-vp8: 9c59270c3fd7afecdb556c50c9e8de78 -> 
  custom:audio-decoder-ogg-vorbis: bf7c407c2cedff20999df2af8eb42d56 -> 
  custom:audio-encoder-webm-vorbis: bf7c407c2cedff20999df2af8eb42d56 -> 
========================================================================
Received Import Request.
  Time since last request: 280.102159 seconds.
  path: Assets/myShader/Color2Water
  artifactKey: Guid(354daf211fc51f44281b0eac9226d7fb) Importer(815301076,1909f56bfc062723c751e8b465ee728b)
Start importing Assets/myShader/Color2Water using Guid(354daf211fc51f44281b0eac9226d7fb) Importer(815301076,1909f56bfc062723c751e8b465ee728b)  -> (artifact id: '255aa39eebd19792394f6422753dd165') in 0.007086 seconds 
  Import took 0.055239 seconds .

========================================================================
Received Import Request.
  Time since last request: 151.066487 seconds.
  path: Assets/myShader/movement.shadergraph
  artifactKey: Guid(3341d9265b304fe4987bbe13a156acea) Importer(815301076,1909f56bfc062723c751e8b465ee728b)
Start importing Assets/myShader/movement.shadergraph using Guid(3341d9265b304fe4987bbe13a156acea) Importer(815301076,1909f56bfc062723c751e8b465ee728b)  -> (artifact id: 'b084af88e1cf33c61ba4c17f8cdbca55') in 0.058201 seconds 
  Import took 0.075173 seconds .

========================================================================
Received Import Request.
  Time since last request: 538.380260 seconds.
  path: Assets/myShader/movement.shadersubgraph
  artifactKey: Guid(174e73e294a85b34eaf78629db76eaf0) Importer(815301076,1909f56bfc062723c751e8b465ee728b)
Start importing Assets/myShader/movement.shadersubgraph using Guid(174e73e294a85b34eaf78629db76eaf0) Importer(815301076,1909f56bfc062723c751e8b465ee728b)  -> (artifact id: 'd991720fa12ccde741a680358002be0e') in 0.007399 seconds 
  Import took 0.055068 seconds .

========================================================================
Received Import Request.
  Time since last request: 0.000273 seconds.
  path: Assets/myShader/movement.shadergraph
  artifactKey: Guid(3341d9265b304fe4987bbe13a156acea) Importer(815301076,1909f56bfc062723c751e8b465ee728b)
Start importing Assets/myShader/movement.shadergraph using Guid(3341d9265b304fe4987bbe13a156acea) Importer(815301076,1909f56bfc062723c751e8b465ee728b)  -> (artifact id: '6b37c6aeb588f2f4544a4daa41cd25ad') in 0.004590 seconds 
  Import took 0.011462 seconds .

========================================================================
Received Import Request.
  Time since last request: 5.320321 seconds.
  path: Assets/myShader/movement.shadergraph
  artifactKey: Guid(3341d9265b304fe4987bbe13a156acea) Importer(815301076,1909f56bfc062723c751e8b465ee728b)
Start importing Assets/myShader/movement.shadergraph using Guid(3341d9265b304fe4987bbe13a156acea) Importer(815301076,1909f56bfc062723c751e8b465ee728b)  -> (artifact id: 'c262937831f02fe6a18083b880c6a793') in 0.003679 seconds 
  Import took 0.083426 seconds .

========================================================================
Received Import Request.
  Time since last request: 40.442556 seconds.
  path: Assets/myShader/watermovement.shadergraph
  artifactKey: Guid(955134c23cf82e14f87a7bd272eec8fb) Importer(815301076,1909f56bfc062723c751e8b465ee728b)
Start importing Assets/myShader/watermovement.shadergraph using Guid(955134c23cf82e14f87a7bd272eec8fb) Importer(815301076,1909f56bfc062723c751e8b465ee728b)  -> (artifact id: 'bf6fe59eb90c59ac2f6d0987d8b14343') in 0.045461 seconds 
  Import took 0.074527 seconds .

========================================================================
Received Import Request.
  Time since last request: 556.181923 seconds.
  path: Assets/myShader/watermovement.shadergraph
  artifactKey: Guid(955134c23cf82e14f87a7bd272eec8fb) Importer(815301076,1909f56bfc062723c751e8b465ee728b)
Start importing Assets/myShader/watermovement.shadergraph using Guid(955134c23cf82e14f87a7bd272eec8fb) Importer(815301076,1909f56bfc062723c751e8b465ee728b)  -> (artifact id: 'cea8c21f28d2a491fe65c9182c103437') in 0.003507 seconds 
  Import took 0.050703 seconds .

========================================================================
Received Import Request.
  Time since last request: 19.363376 seconds.
  path: Assets/myShader/watermovement.shadergraph
  artifactKey: Guid(955134c23cf82e14f87a7bd272eec8fb) Importer(815301076,1909f56bfc062723c751e8b465ee728b)
Start importing Assets/myShader/watermovement.shadergraph using Guid(955134c23cf82e14f87a7bd272eec8fb) Importer(815301076,1909f56bfc062723c751e8b465ee728b)  -> (artifact id: 'acca9fb0a8d94260f15c3830ed818b83') in 0.003215 seconds 
  Import took 0.055857 seconds .

========================================================================
Received Import Request.
  Time since last request: 15.960186 seconds.
  path: Assets/myShader/watermovement.shadersubgraph
  artifactKey: Guid(117f1d541aa335441b5bc5832a5c4928) Importer(815301076,1909f56bfc062723c751e8b465ee728b)
Start importing Assets/myShader/watermovement.shadersubgraph using Guid(117f1d541aa335441b5bc5832a5c4928) Importer(815301076,1909f56bfc062723c751e8b465ee728b)  -> (artifact id: '3ed2866d99bdfccd386eb5628fa6878e') in 0.012811 seconds 
  Import took 0.402663 seconds .

========================================================================
Received Import Request.
  Time since last request: 5.526789 seconds.
  path: Assets/myShader/watermovement.shadergraph
  artifactKey: Guid(955134c23cf82e14f87a7bd272eec8fb) Importer(815301076,1909f56bfc062723c751e8b465ee728b)
Start importing Assets/myShader/watermovement.shadergraph using Guid(955134c23cf82e14f87a7bd272eec8fb) Importer(815301076,1909f56bfc062723c751e8b465ee728b)  -> (artifact id: '945af3239c0474a904960921c3fe902e') in 0.003117 seconds 
  Import took 0.036188 seconds .

========================================================================
Received Import Request.
  Time since last request: 10.181161 seconds.
  path: Assets/myShader/movement
  artifactKey: Guid(ebf89c2f3c6f7b34b857c4c477ab7c66) Importer(815301076,1909f56bfc062723c751e8b465ee728b)
Start importing Assets/myShader/movement using Guid(ebf89c2f3c6f7b34b857c4c477ab7c66) Importer(815301076,1909f56bfc062723c751e8b465ee728b)  -> (artifact id: 'cca70bf14aebe793a36a87e7bb5010eb') in 0.001990 seconds 
  Import took 0.061762 seconds .

========================================================================
Received Import Request.
  Time since last request: 28.710628 seconds.
  path: Assets/myShader/watercolormovement.shadergraph
  artifactKey: Guid(8e7c988a5c4ddb6419cb756924bff2f6) Importer(815301076,1909f56bfc062723c751e8b465ee728b)
Start importing Assets/myShader/watercolormovement.shadergraph using Guid(8e7c988a5c4ddb6419cb756924bff2f6) Importer(815301076,1909f56bfc062723c751e8b465ee728b)  -> (artifact id: '0cbcb9e47309fcd16d11eb79f9c5c73f') in 0.016993 seconds 
  Import took 0.050411 seconds .

========================================================================
Received Import Request.
  Time since last request: 181.273831 seconds.
  path: Assets/myShader/watercolormovement.shadergraph
  artifactKey: Guid(8e7c988a5c4ddb6419cb756924bff2f6) Importer(815301076,1909f56bfc062723c751e8b465ee728b)
Start importing Assets/myShader/watercolormovement.shadergraph using Guid(8e7c988a5c4ddb6419cb756924bff2f6) Importer(815301076,1909f56bfc062723c751e8b465ee728b)  -> (artifact id: '274814545ba606b147b1cac71899d5ab') in 0.003271 seconds 
  Import took 0.010948 seconds .

========================================================================
Received Import Request.
  Time since last request: 15.882998 seconds.
  path: Assets/myShader/waterMaterial.mat
  artifactKey: Guid(151811887d24a6e4687ee44ee23af3cd) Importer(815301076,1909f56bfc062723c751e8b465ee728b)
Start importing Assets/myShader/waterMaterial.mat using Guid(151811887d24a6e4687ee44ee23af3cd) Importer(815301076,1909f56bfc062723c751e8b465ee728b)  -> (artifact id: '669dd12f683adf524dca3b0bb0f24ea3') in 0.465435 seconds 
  Import took 0.497302 seconds .

========================================================================
Received Import Request.
  Time since last request: 103.527550 seconds.
  path: Assets/myShader/movement/watermovement.shadersubgraph
  artifactKey: Guid(117f1d541aa335441b5bc5832a5c4928) Importer(815301076,1909f56bfc062723c751e8b465ee728b)
Start importing Assets/myShader/movement/watermovement.shadersubgraph using Guid(117f1d541aa335441b5bc5832a5c4928) Importer(815301076,1909f56bfc062723c751e8b465ee728b)  -> (artifact id: '004581f676bd998a05171883965e8bfe') in 0.003802 seconds 
  Import took 0.015522 seconds .

========================================================================
Received Import Request.
  Time since last request: 9.918872 seconds.
  path: Assets/UniversalRenderPipelineAsset.asset
  artifactKey: Guid(107194f0f60e1314c949e8f2a6fcaf84) Importer(815301076,1909f56bfc062723c751e8b465ee728b)
Start importing Assets/UniversalRenderPipelineAsset.asset using Guid(107194f0f60e1314c949e8f2a6fcaf84) Importer(815301076,1909f56bfc062723c751e8b465ee728b)  -> (artifact id: '941c7455ac32547057417e57845f7fee') in 0.153079 seconds 
  Import took 0.167563 seconds .

========================================================================
Received Import Request.
  Time since last request: 0.000748 seconds.
  path: Assets/UniversalRenderPipelineAsset_Renderer.asset
  artifactKey: Guid(7bdfeebf904577646b893d1f61bfb03a) Importer(815301076,1909f56bfc062723c751e8b465ee728b)
Start importing Assets/UniversalRenderPipelineAsset_Renderer.asset using Guid(7bdfeebf904577646b893d1f61bfb03a) Importer(815301076,1909f56bfc062723c751e8b465ee728b)  -> (artifact id: 'e2c9b888942d31a8320654732756c2c4') in 0.041387 seconds 
  Import took 0.052568 seconds .

========================================================================
Received Import Request.
  Time since last request: 215.729127 seconds.
  path: Assets/myShader/form.shadergraph
  artifactKey: Guid(08961da49d62bf440b61234374e1b623) Importer(815301076,1909f56bfc062723c751e8b465ee728b)
Start importing Assets/myShader/form.shadergraph using Guid(08961da49d62bf440b61234374e1b623) Importer(815301076,1909f56bfc062723c751e8b465ee728b)  -> (artifact id: '87f627a3e472ee1009116306dd0c4916') in 0.035125 seconds 
  Import took 0.074320 seconds .

========================================================================
Received Import Request.
  Time since last request: 199.084140 seconds.
  path: Assets/myShader/form.shadergraph
  artifactKey: Guid(08961da49d62bf440b61234374e1b623) Importer(815301076,1909f56bfc062723c751e8b465ee728b)
Start importing Assets/myShader/form.shadergraph using Guid(08961da49d62bf440b61234374e1b623) Importer(815301076,1909f56bfc062723c751e8b465ee728b)  -> (artifact id: '910763d49158798e7e850c22f58e5c3c') in 0.003564 seconds 
  Import took 0.030950 seconds .

========================================================================
Received Import Request.
  Time since last request: 116.686231 seconds.
  path: Assets/myShader/form.shadersubgraph
  artifactKey: Guid(d47ef201397ba04409844205aae021aa) Importer(815301076,1909f56bfc062723c751e8b465ee728b)
Start importing Assets/myShader/form.shadersubgraph using Guid(d47ef201397ba04409844205aae021aa) Importer(815301076,1909f56bfc062723c751e8b465ee728b)  -> (artifact id: '797a620d4e4c7fdff0fa1c0fd5214ac7') in 0.043847 seconds 
  Import took 0.188123 seconds .

========================================================================
Received Import Request.
  Time since last request: 8.904730 seconds.
  path: Assets/myShader/form
  artifactKey: Guid(9eeb79767b52e8d4785c53804c216604) Importer(815301076,1909f56bfc062723c751e8b465ee728b)
Start importing Assets/myShader/form using Guid(9eeb79767b52e8d4785c53804c216604) Importer(815301076,1909f56bfc062723c751e8b465ee728b)  -> (artifact id: 'd67986343593575e88c07971328a7510') in 0.002939 seconds 
  Import took 0.009684 seconds .

========================================================================
Received Import Request.
  Time since last request: 0.718826 seconds.
  path: Assets/myShader/form.shadergraph
  artifactKey: Guid(08961da49d62bf440b61234374e1b623) Importer(815301076,1909f56bfc062723c751e8b465ee728b)
Start importing Assets/myShader/form.shadergraph using Guid(08961da49d62bf440b61234374e1b623) Importer(815301076,1909f56bfc062723c751e8b465ee728b)  -> (artifact id: '06eda7b0b2bd00f176f3d9417e26fc2b') in 0.003174 seconds 
  Import took 0.104025 seconds .

========================================================================
Received Import Request.
  Time since last request: 7.878093 seconds.
  path: Assets/myShader/watercolormovement.shadergraph
  artifactKey: Guid(8e7c988a5c4ddb6419cb756924bff2f6) Importer(815301076,1909f56bfc062723c751e8b465ee728b)
Start importing Assets/myShader/watercolormovement.shadergraph using Guid(8e7c988a5c4ddb6419cb756924bff2f6) Importer(815301076,1909f56bfc062723c751e8b465ee728b)  -> (artifact id: '6364a86b48594df89ec02f0b49d675d4') in 0.005588 seconds 
  Import took 0.021094 seconds .

========================================================================
Received Import Request.
  Time since last request: 142.675281 seconds.
  path: Assets/myShader/watercolormovement.shadergraph
  artifactKey: Guid(8e7c988a5c4ddb6419cb756924bff2f6) Importer(815301076,1909f56bfc062723c751e8b465ee728b)
Start importing Assets/myShader/watercolormovement.shadergraph using Guid(8e7c988a5c4ddb6419cb756924bff2f6) Importer(815301076,1909f56bfc062723c751e8b465ee728b)  -> (artifact id: 'eea752498f0d05927951871455092a02') in 0.010625 seconds 
  Import took 0.057792 seconds .

========================================================================
Received Import Request.
  Time since last request: 181.537490 seconds.
  path: Assets/myShader/form/form.shadersubgraph
  artifactKey: Guid(d47ef201397ba04409844205aae021aa) Importer(815301076,1909f56bfc062723c751e8b465ee728b)
Start importing Assets/myShader/form/form.shadersubgraph using Guid(d47ef201397ba04409844205aae021aa) Importer(815301076,1909f56bfc062723c751e8b465ee728b)  -> (artifact id: '81b34f055e5cd7c68460672e036fd85b') in 0.005749 seconds 
  Import took 0.068152 seconds .

========================================================================
Received Import Request.
  Time since last request: 277.953549 seconds.
  path: Assets/model
  artifactKey: Guid(7a4a3b91b677576429108153857889c2) Importer(815301076,1909f56bfc062723c751e8b465ee728b)
Start importing Assets/model using Guid(7a4a3b91b677576429108153857889c2) Importer(815301076,1909f56bfc062723c751e8b465ee728b)  -> (artifact id: 'a714f6304b3ce7e01a2413afe09025d7') in 0.076710 seconds 
  Import took 0.158838 seconds .

========================================================================
Received Import Request.
  Time since last request: 12.397613 seconds.
  path: Assets/model/medea_m_arrebola@Treading Water.fbx
  artifactKey: Guid(a07474f117d962944be3d01c345a86ea) Importer(815301076,1909f56bfc062723c751e8b465ee728b)
Start importing Assets/model/medea_m_arrebola@Treading Water.fbx using Guid(a07474f117d962944be3d01c345a86ea) Importer(815301076,1909f56bfc062723c751e8b465ee728b)  -> (artifact id: '964c0aa4413a3254ce2c76747b98fdfc') in 2.060389 seconds 
  Import took 2.122564 seconds .

========================================================================
Received Import Request.
  Time since last request: 7.177118 seconds.
  path: Assets/model/texture
  artifactKey: Guid(b7ff8e4f41ff0b04a9e10c7691113411) Importer(815301076,1909f56bfc062723c751e8b465ee728b)
Start importing Assets/model/texture using Guid(b7ff8e4f41ff0b04a9e10c7691113411) Importer(815301076,1909f56bfc062723c751e8b465ee728b)  -> (artifact id: '4ff753351ded1ff6278c357958624fb1') in 0.046821 seconds 
  Import took 0.094812 seconds .

========================================================================
Received Import Request.
  Time since last request: 6.716818 seconds.
  path: Assets/model/material
  artifactKey: Guid(2b2f92c0fcf1d3b46a85c194a3a9af21) Importer(815301076,1909f56bfc062723c751e8b465ee728b)
Start importing Assets/model/material using Guid(2b2f92c0fcf1d3b46a85c194a3a9af21) Importer(815301076,1909f56bfc062723c751e8b465ee728b)  -> (artifact id: '468fd3170e79e11713ddbeb9b4e6e124') in 0.043057 seconds 
  Import took 0.090844 seconds .

========================================================================
Received Import Request.
  Time since last request: 7.137331 seconds.
  path: Assets/model/medea_m_arrebola@Treading Water.fbx
  artifactKey: Guid(a07474f117d962944be3d01c345a86ea) Importer(815301076,1909f56bfc062723c751e8b465ee728b)
Start importing Assets/model/medea_m_arrebola@Treading Water.fbx using Guid(a07474f117d962944be3d01c345a86ea) Importer(815301076,1909f56bfc062723c751e8b465ee728b)  -> (artifact id: '4f406c563345ba0c1c628c0f1bec65cf') in 0.283878 seconds 
  Import took 0.311749 seconds .

========================================================================
Received Import Request.
  Time since last request: 5.818839 seconds.
  path: Assets/model/medea_m_arrebola@Treading Water.fbx
  artifactKey: Guid(a07474f117d962944be3d01c345a86ea) Importer(815301076,1909f56bfc062723c751e8b465ee728b)
Start importing Assets/model/medea_m_arrebola@Treading Water.fbx using Guid(a07474f117d962944be3d01c345a86ea) Importer(815301076,1909f56bfc062723c751e8b465ee728b)  -> (artifact id: 'd98930448462c7e395a06ce29cd9cd91') in 0.164066 seconds 
  Import took 0.172411 seconds .

========================================================================
Received Import Request.
  Time since last request: 6.654164 seconds.
  path: Assets/model/medea_m_arrebola@Treading Water.fbx
  artifactKey: Guid(a07474f117d962944be3d01c345a86ea) Importer(815301076,1909f56bfc062723c751e8b465ee728b)
Start importing Assets/model/medea_m_arrebola@Treading Water.fbx using Guid(a07474f117d962944be3d01c345a86ea) Importer(815301076,1909f56bfc062723c751e8b465ee728b)  -> (artifact id: '03ecc555f433a67c3887f4a40496ac43') in 0.308856 seconds 
  Import took 0.388002 seconds .

========================================================================
Received Import Request.
  Time since last request: 3.293622 seconds.
  path: Assets/model/medea_m_arrebola@Treading Water.fbx
  artifactKey: Guid(a07474f117d962944be3d01c345a86ea) Importer(815301076,1909f56bfc062723c751e8b465ee728b)
Start importing Assets/model/medea_m_arrebola@Treading Water.fbx using Guid(a07474f117d962944be3d01c345a86ea) Importer(815301076,1909f56bfc062723c751e8b465ee728b)  -> (artifact id: '9c216ed0afe83323870df44148a28f5a') in 0.057473 seconds 
  Import took 0.074880 seconds .

========================================================================
Received Import Request.
  Time since last request: 18.144216 seconds.
  path: Assets/model/swimming.controller
  artifactKey: Guid(66d7e29425b1ad64392db71abc3bbe32) Importer(815301076,1909f56bfc062723c751e8b465ee728b)
Start importing Assets/model/swimming.controller using Guid(66d7e29425b1ad64392db71abc3bbe32) Importer(815301076,1909f56bfc062723c751e8b465ee728b)  -> (artifact id: '653834f70902acb65544b6b3229d1506') in 0.063142 seconds 
  Import took 0.097300 seconds .

========================================================================
Received Prepare
Registering precompiled user dll's ...
Registered in 0.137459 seconds.
Begin MonoManager ReloadAssembly
Native extension for WindowsStandalone target not found
Refreshing native plugins compatible for Editor in 1.99 ms, found 2 plugins.
Preloading 0 native plugins for Editor in 0.00 ms.
Mono: successfully reloaded assembly
- Completed reload, in  4.051 seconds
Domain Reload Profiling:
	ReloadAssembly (4055ms)
		BeginReloadAssembly (1354ms)
			ExecutionOrderSort (1ms)
			DisableScriptedObjects (109ms)
			BackupInstance (0ms)
			ReleaseScriptingObjects (0ms)
			CreateAndSetChildDomain (1041ms)
		EndReloadAssembly (2616ms)
			LoadAssemblies (1400ms)
			RebuildTransferFunctionScriptingTraits (0ms)
			SetupTypeCache (505ms)
			ReleaseScriptCaches (2ms)
			RebuildScriptCaches (71ms)
			SetupLoadedEditorAssemblies (396ms)
				LogAssemblyErrors (0ms)
				InitializePlatformSupportModulesInManaged (4ms)
				SetLoadedEditorAssemblies (5ms)
				RefreshPlugins (2ms)
				BeforeProcessingInitializeOnLoad (115ms)
				ProcessInitializeOnLoadAttributes (247ms)
				ProcessInitializeOnLoadMethodAttributes (17ms)
				AfterProcessingInitializeOnLoad (5ms)
				EditorAssembliesLoaded (0ms)
			ExecutionOrderSort2 (0ms)
			AwakeInstancesAfterBackupRestoration (17ms)
Platform modules already initialized, skipping
Refreshing native plugins compatible for Editor in 0.64 ms, found 2 plugins.
Preloading 0 native plugins for Editor in 0.00 ms.
Unloading 2835 Unused Serialized files (Serialized files now loaded: 0)
System memory in use before: 148.1 MB.
System memory in use after: 148.4 MB.

Unloading 15 unused Assets to reduce memory usage. Loaded Objects now: 3549.
Total: 5.679800 ms (FindLiveObjects: 0.422900 ms CreateObjectMapping: 0.188600 ms MarkObjects: 5.024600 ms  DeleteObjects: 0.041600 ms)

AssetImportParameters requested are different than current active one (requested -> active):
  custom:framework-win-MediaFoundation: 216162199b28c13a410421893ffa2e32 -> 
  custom:video-decoder-ogg-theora: a1e56fd34408186e4bbccfd4996cb3dc -> 
  custom:container-muxer-webm: aa71ff27fc2769a1b78a27578f13a17b -> 
  custom:container-demuxer-webm: 4f35f7cbe854078d1ac9338744f61a02 -> 
  custom:container-demuxer-ogg: 62fdf1f143b41e24485cea50d1cbac27 -> 
  custom:video-encoder-webm-vp8: eb34c28f22e8b96e1ab97ce403110664 -> 
  custom:video-decoder-webm-vp8: 9c59270c3fd7afecdb556c50c9e8de78 -> 
  custom:audio-decoder-ogg-vorbis: bf7c407c2cedff20999df2af8eb42d56 -> 
  custom:audio-encoder-webm-vorbis: bf7c407c2cedff20999df2af8eb42d56 -> 
AssetImportWorkerClient::OnTransportError - code=2 error=End of file
